Removed Pin From Net: NetName=NetC1_1 Pin=D1-1
Removed Pin From Net: NetName=GND0 Pin=D1-2
Removed Pin From Net: NetName=NetC5_2 Pin=D1-5
Removed Pin From Net: NetName=VOUT1 Pin=D1-6
Removed Pin From Net: NetName=VEE1 Pin=D1-7
Removed Pin From Net: NetName=VEE1 Pin=D1-8
Removed Pin From Net: NetName=VCC1 Pin=D1-11
Removed Pin From Net: NetName=VCC1 Pin=D1-12
Removed Pin From Net: NetName=NetC18_2 Pin=D2-1
Removed Pin From Net: NetName=VOUT1 Pin=D2-2
Removed Pin From Net: NetName=NetC8_2 Pin=D2-5
Removed Pin From Net: NetName=VOUT2 Pin=D2-6
Removed Pin From Net: NetName=VEE2 Pin=D2-7
Removed Pin From Net: NetName=VEE2 Pin=D2-8
Removed Pin From Net: NetName=VCC2 Pin=D2-11
Removed Pin From Net: NetName=VCC2 Pin=D2-12
Removed Pin From Net: NetName=NetC22_2 Pin=D3-1
Removed Pin From Net: NetName=VOUT2 Pin=D3-2
Removed Pin From Net: NetName=NetC11_2 Pin=D3-5
Removed Pin From Net: NetName=VOUT3 Pin=D3-6
Removed Pin From Net: NetName=VEE3 Pin=D3-7
Removed Pin From Net: NetName=VEE3 Pin=D3-8
Removed Pin From Net: NetName=VCC3 Pin=D3-11
Removed Pin From Net: NetName=VCC3 Pin=D3-12
Removed Pin From Net: NetName=NetC28_2 Pin=D4-1
Removed Pin From Net: NetName=VOUT3 Pin=D4-2
Removed Pin From Net: NetName=NetC14_2 Pin=D4-5
Removed Pin From Net: NetName=VOUT4 Pin=D4-6
Removed Pin From Net: NetName=VEE4 Pin=D4-7
Removed Pin From Net: NetName=VEE4 Pin=D4-8
Removed Pin From Net: NetName=VCC4 Pin=D4-11
Removed Pin From Net: NetName=VCC4 Pin=D4-12
Removed Pin From Net: NetName=NetC8_1 Pin=R18-1
Removed Pin From Net: NetName=NetC11_1 Pin=R26-1
Removed Member From Class: ClassName=board_pa98 Member=D1
Removed Member From Class: ClassName=board_pa98 Member=D2
Removed Member From Class: ClassName=board_pa98 Member=D3
Removed Member From Class: ClassName=board_pa98 Member=D4
Change Component Footprint: Designator=IC1 Old Footprint=*SIP8-DQ New Footprint=PCBComponent_1
Change Component Footprint: Designator=IC2 Old Footprint=*SIP8-DQ New Footprint=PCBComponent_1
Change Component Footprint: Designator=IC3 Old Footprint=*SIP8-DQ New Footprint=PCBComponent_1
Change Component Footprint: Designator=IC4 Old Footprint=*SIP8-DQ New Footprint=PCBComponent_1
Added Pin To Net: NetName=NetC1_1 Pin=IC1-1
Added Pin To Net: NetName=GND0 Pin=IC1-2
Added Pin To Net: NetName=NetC5_2 Pin=IC1-4
Added Pin To Net: NetName=VOUT1 Pin=IC1-5
Added Pin To Net: NetName=VEE1 Pin=IC1-7
Added Pin To Net: NetName=VCC1 Pin=IC1-8
Added Pin To Net: NetName=NetC18_2 Pin=IC2-1
Added Pin To Net: NetName=VOUT1 Pin=IC2-2
Added Pin To Net: NetName=NetC8_1 Pin=IC2-4
Added Pin To Net: NetName=VOUT2 Pin=IC2-5
Added Pin To Net: NetName=VEE2 Pin=IC2-7
Added Pin To Net: NetName=VCC2 Pin=IC2-8
Added Pin To Net: NetName=NetC22_2 Pin=IC3-1
Added Pin To Net: NetName=VOUT2 Pin=IC3-2
Added Pin To Net: NetName=NetC11_1 Pin=IC3-4
Added Pin To Net: NetName=VOUT3 Pin=IC3-5
Added Pin To Net: NetName=VEE3 Pin=IC3-7
Added Pin To Net: NetName=VCC3 Pin=IC3-8
Added Pin To Net: NetName=NetC28_2 Pin=IC4-1
Added Pin To Net: NetName=VOUT3 Pin=IC4-2
Added Pin To Net: NetName=NetC14_2 Pin=IC4-4
Added Pin To Net: NetName=VOUT4 Pin=IC4-5
Added Pin To Net: NetName=VEE4 Pin=IC4-7
Added Pin To Net: NetName=VCC4 Pin=IC4-8
Added Pin To Net: NetName=NetC8_2 Pin=R18-2
Added Pin To Net: NetName=NetC11_2 Pin=R26-2
Added Pin To Net: NetName=NetIC1_3 Pin=IC1-3
Added Pin To Net: NetName=NetIC1_3 Pin=R9-2
Added Net: Name=NetIC1_3
Added Pin To Net: NetName=NetIC1_6 Pin=IC1-6
Added Pin To Net: NetName=NetIC1_6 Pin=R8-1
Added Net: Name=NetIC1_6
Added Pin To Net: NetName=NetIC2_3 Pin=IC2-3
Added Pin To Net: NetName=NetIC2_3 Pin=R18-1
Added Net: Name=NetIC2_3
Added Pin To Net: NetName=NetIC2_6 Pin=IC2-6
Added Pin To Net: NetName=NetIC2_6 Pin=R17-1
Added Net: Name=NetIC2_6
Added Pin To Net: NetName=NetIC3_3 Pin=IC3-3
Added Pin To Net: NetName=NetIC3_3 Pin=R26-1
Added Net: Name=NetIC3_3
Added Pin To Net: NetName=NetIC3_6 Pin=IC3-6
Added Pin To Net: NetName=NetIC3_6 Pin=R25-1
Added Net: Name=NetIC3_6
Added Pin To Net: NetName=NetIC4_3 Pin=IC4-3
Added Pin To Net: NetName=NetIC4_3 Pin=R34-2
Added Net: Name=NetIC4_3
Added Pin To Net: NetName=NetIC4_6 Pin=IC4-6
Added Pin To Net: NetName=NetIC4_6 Pin=R33-1
Added Net: Name=NetIC4_6
Change Class Name : Old Net Name=board_pa98 New Net Name=board_pa94 (2)
Added Member To Class: ClassName=board_pa94 (2) Member=Component IC1 PA94
Added Member To Class: ClassName=board_pa94 (2) Member=Component IC2 PA94
Added Member To Class: ClassName=board_pa94 (2) Member=Component IC3 PA94
Added Member To Class: ClassName=board_pa94 (2) Member=Component IC4 PA94
Added Room: Name=board_pa94 (2)
